{"C:\\Users\\TANISHA\\OneDrive\\Desktop\\Namste-React\\src\\components\\Body.js": {"path":"C:\\Users\\TANISHA\\OneDrive\\Desktop\\Namste-React\\src\\components\\Body.js","statementMap":{"0":{"start":{"line":10,"column":13},"end":{"line":90,"column":1}},"1":{"start":{"line":11,"column":36},"end":{"line":11,"column":48}},"2":{"start":{"line":13,"column":4},"end":{"line":13,"column":23}},"3":{"start":{"line":14,"column":22},"end":{"line":14,"column":39}},"4":{"start":{"line":16,"column":33},"end":{"line":16,"column":67}},"5":{"start":{"line":18,"column":28},"end":{"line":18,"column":51}},"6":{"start":{"line":20,"column":2},"end":{"line":22,"column":3}},"7":{"start":{"line":21,"column":4},"end":{"line":21,"column":23}},"8":{"start":{"line":23,"column":2},"end":{"line":25,"column":3}},"9":{"start":{"line":24,"column":4},"end":{"line":24,"column":40}},"10":{"start":{"line":27,"column":2},"end":{"line":89,"column":4}},"11":{"start":{"line":36,"column":12},"end":{"line":36,"column":41}},"12":{"start":{"line":42,"column":24},"end":{"line":42,"column":47}},"13":{"start":{"line":43,"column":25},"end":{"line":45,"column":13}},"14":{"start":{"line":44,"column":14},"end":{"line":44,"column":58}},"15":{"start":{"line":46,"column":12},"end":{"line":46,"column":34}},"16":{"start":{"line":56,"column":29},"end":{"line":56,"column":78}},"17":{"start":{"line":56,"column":54},"end":{"line":56,"column":77}},"18":{"start":{"line":57,"column":12},"end":{"line":57,"column":38}},"19":{"start":{"line":69,"column":12},"end":{"line":69,"column":36}},"20":{"start":{"line":75,"column":10},"end":{"line":85,"column":17}}},"fnMap":{"0":{"name":"(anonymous_0)","decl":{"start":{"line":10,"column":13},"end":{"line":10,"column":14}},"loc":{"start":{"line":10,"column":19},"end":{"line":90,"column":1}},"line":10},"1":{"name":"(anonymous_1)","decl":{"start":{"line":35,"column":20},"end":{"line":35,"column":21}},"loc":{"start":{"line":35,"column":27},"end":{"line":37,"column":11}},"line":35},"2":{"name":"(anonymous_2)","decl":{"start":{"line":41,"column":19},"end":{"line":41,"column":20}},"loc":{"start":{"line":41,"column":31},"end":{"line":47,"column":11}},"line":41},"3":{"name":"(anonymous_3)","decl":{"start":{"line":43,"column":40},"end":{"line":43,"column":41}},"loc":{"start":{"line":44,"column":14},"end":{"line":44,"column":58}},"line":44},"4":{"name":"(anonymous_4)","decl":{"start":{"line":55,"column":19},"end":{"line":55,"column":20}},"loc":{"start":{"line":55,"column":25},"end":{"line":58,"column":11}},"line":55},"5":{"name":"(anonymous_5)","decl":{"start":{"line":56,"column":44},"end":{"line":56,"column":45}},"loc":{"start":{"line":56,"column":54},"end":{"line":56,"column":77}},"line":56},"6":{"name":"(anonymous_6)","decl":{"start":{"line":68,"column":20},"end":{"line":68,"column":21}},"loc":{"start":{"line":68,"column":27},"end":{"line":70,"column":11}},"line":68},"7":{"name":"(anonymous_7)","decl":{"start":{"line":74,"column":26},"end":{"line":74,"column":27}},"loc":{"start":{"line":75,"column":10},"end":{"line":85,"column":17}},"line":75}},"branchMap":{"0":{"loc":{"start":{"line":20,"column":2},"end":{"line":22,"column":3}},"type":"if","locations":[{"start":{"line":20,"column":2},"end":{"line":22,"column":3}},{"start":{},"end":{}}],"line":20},"1":{"loc":{"start":{"line":23,"column":2},"end":{"line":25,"column":3}},"type":"if","locations":[{"start":{"line":23,"column":2},"end":{"line":25,"column":3}},{"start":{},"end":{}}],"line":23},"2":{"loc":{"start":{"line":80,"column":13},"end":{"line":84,"column":13}},"type":"cond-expr","locations":[{"start":{"line":81,"column":14},"end":{"line":81,"column":54}},{"start":{"line":83,"column":14},"end":{"line":83,"column":46}}],"line":80}},"s":{"0":1,"1":7,"2":7,"3":7,"4":7,"5":7,"6":7,"7":2,"8":5,"9":0,"10":5,"11":1,"12":1,"13":1,"14":7,"15":1,"16":1,"17":7,"18":1,"19":0,"20":27},"f":{"0":7,"1":1,"2":1,"3":7,"4":1,"5":7,"6":0,"7":27},"b":{"0":[2,5],"1":[0,5],"2":[19,8]},"_coverageSchema":"1a1c01bbd47fc00a2c39e90264f33305004495a9","hash":"e1af60d9b82f8d726f8f5d891f2c9fdb63652eef"}
,"C:\\Users\\TANISHA\\OneDrive\\Desktop\\Namste-React\\src\\components\\Contact.js": {"path":"C:\\Users\\TANISHA\\OneDrive\\Desktop\\Namste-React\\src\\components\\Contact.js","statementMap":{"0":{"start":{"line":1,"column":16},"end":{"line":7,"column":1}},"1":{"start":{"line":2,"column":2},"end":{"line":6,"column":4}}},"fnMap":{"0":{"name":"(anonymous_0)","decl":{"start":{"line":1,"column":16},"end":{"line":1,"column":17}},"loc":{"start":{"line":1,"column":22},"end":{"line":7,"column":1}},"line":1}},"branchMap":{},"s":{"0":1,"1":1},"f":{"0":1},"b":{},"_coverageSchema":"1a1c01bbd47fc00a2c39e90264f33305004495a9","hash":"c983fe90ff5b36f0f5864e3fa609ccf3e6179c05"}
,"C:\\Users\\TANISHA\\OneDrive\\Desktop\\Namste-React\\src\\components\\Header.js": {"path":"C:\\Users\\TANISHA\\OneDrive\\Desktop\\Namste-React\\src\\components\\Header.js","statementMap":{"0":{"start":{"line":8,"column":15},"end":{"line":81,"column":1}},"1":{"start":{"line":9,"column":32},"end":{"line":9,"column":49}},"2":{"start":{"line":11,"column":15},"end":{"line":11,"column":38}},"3":{"start":{"line":13,"column":22},"end":{"line":13,"column":39}},"4":{"start":{"line":16,"column":20},"end":{"line":16,"column":60}},"5":{"start":{"line":16,"column":43},"end":{"line":16,"column":59}},"6":{"start":{"line":18,"column":2},"end":{"line":80,"column":4}},"7":{"start":{"line":68,"column":12},"end":{"line":68,"column":77}}},"fnMap":{"0":{"name":"(anonymous_0)","decl":{"start":{"line":8,"column":15},"end":{"line":8,"column":16}},"loc":{"start":{"line":8,"column":21},"end":{"line":81,"column":1}},"line":8},"1":{"name":"(anonymous_1)","decl":{"start":{"line":16,"column":32},"end":{"line":16,"column":33}},"loc":{"start":{"line":16,"column":43},"end":{"line":16,"column":59}},"line":16},"2":{"name":"(anonymous_2)","decl":{"start":{"line":67,"column":19},"end":{"line":67,"column":20}},"loc":{"start":{"line":67,"column":25},"end":{"line":69,"column":11}},"line":67}},"branchMap":{"0":{"loc":{"start":{"line":26,"column":13},"end":{"line":30,"column":13}},"type":"cond-expr","locations":[{"start":{"line":27,"column":14},"end":{"line":27,"column":49}},{"start":{"line":29,"column":14},"end":{"line":29,"column":47}}],"line":26},"1":{"loc":{"start":{"line":68,"column":12},"end":{"line":68,"column":76}},"type":"cond-expr","locations":[{"start":{"line":68,"column":34},"end":{"line":68,"column":54}},{"start":{"line":68,"column":57},"end":{"line":68,"column":76}}],"line":68}},"s":{"0":1,"1":3,"2":3,"3":3,"4":3,"5":5,"6":3,"7":1},"f":{"0":3,"1":5,"2":1},"b":{"0":[3,0],"1":[1,0]},"_coverageSchema":"1a1c01bbd47fc00a2c39e90264f33305004495a9","hash":"1f5bd87b385a533f2cad454e47eb44abe46bb3a7"}
,"C:\\Users\\TANISHA\\OneDrive\\Desktop\\Namste-React\\src\\components\\RestaurantCard.js": {"path":"C:\\Users\\TANISHA\\OneDrive\\Desktop\\Namste-React\\src\\components\\RestaurantCard.js","statementMap":{"0":{"start":{"line":5,"column":23},"end":{"line":37,"column":1}},"1":{"start":{"line":6,"column":20},"end":{"line":6,"column":25}},"2":{"start":{"line":7,"column":13},"end":{"line":7,"column":30}},"3":{"start":{"line":8,"column":15},"end":{"line":8,"column":37}},"4":{"start":{"line":9,"column":21},"end":{"line":9,"column":50}},"5":{"start":{"line":10,"column":14},"end":{"line":10,"column":37}},"6":{"start":{"line":11,"column":17},"end":{"line":11,"column":38}},"7":{"start":{"line":12,"column":14},"end":{"line":12,"column":44}},"8":{"start":{"line":13,"column":11},"end":{"line":13,"column":28}},"9":{"start":{"line":14,"column":15},"end":{"line":14,"column":38}},"10":{"start":{"line":16,"column":2},"end":{"line":36,"column":4}},"11":{"start":{"line":39,"column":34},"end":{"line":50,"column":1}},"12":{"start":{"line":40,"column":2},"end":{"line":49,"column":4}},"13":{"start":{"line":41,"column":4},"end":{"line":48,"column":6}}},"fnMap":{"0":{"name":"(anonymous_0)","decl":{"start":{"line":5,"column":23},"end":{"line":5,"column":24}},"loc":{"start":{"line":5,"column":34},"end":{"line":37,"column":1}},"line":5},"1":{"name":"(anonymous_1)","decl":{"start":{"line":39,"column":34},"end":{"line":39,"column":35}},"loc":{"start":{"line":39,"column":54},"end":{"line":50,"column":1}},"line":39},"2":{"name":"(anonymous_2)","decl":{"start":{"line":40,"column":9},"end":{"line":40,"column":10}},"loc":{"start":{"line":40,"column":20},"end":{"line":49,"column":3}},"line":40}},"branchMap":{},"s":{"0":2,"1":29,"2":29,"3":29,"4":29,"5":29,"6":29,"7":29,"8":29,"9":29,"10":29,"11":2,"12":8,"13":20},"f":{"0":29,"1":8,"2":20},"b":{},"_coverageSchema":"1a1c01bbd47fc00a2c39e90264f33305004495a9","hash":"ecfd112017fa83ac316570bd0890e2286a335348"}
,"C:\\Users\\TANISHA\\OneDrive\\Desktop\\Namste-React\\src\\components\\Shimmer.js": {"path":"C:\\Users\\TANISHA\\OneDrive\\Desktop\\Namste-React\\src\\components\\Shimmer.js","statementMap":{"0":{"start":{"line":1,"column":16},"end":{"line":17,"column":1}},"1":{"start":{"line":2,"column":0},"end":{"line":15,"column":1}}},"fnMap":{"0":{"name":"(anonymous_0)","decl":{"start":{"line":1,"column":16},"end":{"line":1,"column":17}},"loc":{"start":{"line":1,"column":22},"end":{"line":17,"column":1}},"line":1}},"branchMap":{},"s":{"0":1,"1":2},"f":{"0":2},"b":{},"_coverageSchema":"1a1c01bbd47fc00a2c39e90264f33305004495a9","hash":"b3a5d17ae3434f16b599ec949521b57e4863d3be"}
,"C:\\Users\\TANISHA\\OneDrive\\Desktop\\Namste-React\\src\\components\\sum.js": {"path":"C:\\Users\\TANISHA\\OneDrive\\Desktop\\Namste-React\\src\\components\\sum.js","statementMap":{"0":{"start":{"line":1,"column":19},"end":{"line":3,"column":1}},"1":{"start":{"line":2,"column":2},"end":{"line":2,"column":15}}},"fnMap":{"0":{"name":"(anonymous_0)","decl":{"start":{"line":1,"column":19},"end":{"line":1,"column":20}},"loc":{"start":{"line":1,"column":29},"end":{"line":3,"column":1}},"line":1}},"branchMap":{},"s":{"0":1,"1":1},"f":{"0":1},"b":{},"_coverageSchema":"1a1c01bbd47fc00a2c39e90264f33305004495a9","hash":"54a5121ba9e6d4a3e387713e8210d5d7378a9100"}
,"C:\\Users\\TANISHA\\OneDrive\\Desktop\\Namste-React\\src\\utils\\appStore.js": {"path":"C:\\Users\\TANISHA\\OneDrive\\Desktop\\Namste-React\\src\\utils\\appStore.js","statementMap":{"0":{"start":{"line":2,"column":42},"end":{"line":2,"column":69}},"1":{"start":{"line":4,"column":17},"end":{"line":8,"column":2}}},"fnMap":{},"branchMap":{},"s":{"0":1,"1":1},"f":{},"b":{},"_coverageSchema":"1a1c01bbd47fc00a2c39e90264f33305004495a9","hash":"0c258ffbe8216ae0e0c3e3974baaf8bb72d691fe"}
,"C:\\Users\\TANISHA\\OneDrive\\Desktop\\Namste-React\\src\\utils\\cartSlice.js": {"path":"C:\\Users\\TANISHA\\OneDrive\\Desktop\\Namste-React\\src\\utils\\cartSlice.js","statementMap":{"0":{"start":{"line":3,"column":18},"end":{"line":19,"column":2}},"1":{"start":{"line":10,"column":6},"end":{"line":10,"column":39}},"2":{"start":{"line":13,"column":6},"end":{"line":13,"column":24}},"3":{"start":{"line":16,"column":6},"end":{"line":16,"column":29}},"4":{"start":{"line":21,"column":50},"end":{"line":21,"column":67}}},"fnMap":{"0":{"name":"(anonymous_0)","decl":{"start":{"line":9,"column":13},"end":{"line":9,"column":14}},"loc":{"start":{"line":9,"column":32},"end":{"line":11,"column":5}},"line":9},"1":{"name":"(anonymous_1)","decl":{"start":{"line":12,"column":16},"end":{"line":12,"column":17}},"loc":{"start":{"line":12,"column":27},"end":{"line":14,"column":5}},"line":12},"2":{"name":"(anonymous_2)","decl":{"start":{"line":15,"column":15},"end":{"line":15,"column":16}},"loc":{"start":{"line":15,"column":26},"end":{"line":17,"column":5}},"line":15}},"branchMap":{},"s":{"0":1,"1":0,"2":0,"3":0,"4":1},"f":{"0":0,"1":0,"2":0},"b":{},"_coverageSchema":"1a1c01bbd47fc00a2c39e90264f33305004495a9","hash":"d83168757bdd1218425d5d631864343446f6939e"}
,"C:\\Users\\TANISHA\\OneDrive\\Desktop\\Namste-React\\src\\utils\\constants.js": {"path":"C:\\Users\\TANISHA\\OneDrive\\Desktop\\Namste-React\\src\\utils\\constants.js","statementMap":{"0":{"start":{"line":2,"column":2},"end":{"line":2,"column":120}},"1":{"start":{"line":5,"column":2},"end":{"line":5,"column":85}},"2":{"start":{"line":8,"column":2},"end":{"line":8,"column":121}}},"fnMap":{},"branchMap":{},"s":{"0":3,"1":3,"2":3},"f":{},"b":{},"_coverageSchema":"1a1c01bbd47fc00a2c39e90264f33305004495a9","hash":"af4c7cde10141ecc187fb71aa0f6f32caa7f0fc2"}
,"C:\\Users\\TANISHA\\OneDrive\\Desktop\\Namste-React\\src\\utils\\mokeData.js": {"path":"C:\\Users\\TANISHA\\OneDrive\\Desktop\\Namste-React\\src\\utils\\mokeData.js","statementMap":{"0":{"start":{"line":1,"column":23},"end":{"line":1257,"column":1}}},"fnMap":{},"branchMap":{},"s":{"0":1},"f":{},"b":{},"_coverageSchema":"1a1c01bbd47fc00a2c39e90264f33305004495a9","hash":"22529d926a4f8362b8da808b42eb1fbab8a0af2a"}
,"C:\\Users\\TANISHA\\OneDrive\\Desktop\\Namste-React\\src\\utils\\useOnlineStatus.js": {"path":"C:\\Users\\TANISHA\\OneDrive\\Desktop\\Namste-React\\src\\utils\\useOnlineStatus.js","statementMap":{"0":{"start":{"line":3,"column":24},"end":{"line":15,"column":1}},"1":{"start":{"line":4,"column":42},"end":{"line":4,"column":56}},"2":{"start":{"line":6,"column":2},"end":{"line":13,"column":9}},"3":{"start":{"line":7,"column":4},"end":{"line":9,"column":7}},"4":{"start":{"line":8,"column":6},"end":{"line":8,"column":28}},"5":{"start":{"line":10,"column":4},"end":{"line":12,"column":7}},"6":{"start":{"line":11,"column":6},"end":{"line":11,"column":29}},"7":{"start":{"line":14,"column":2},"end":{"line":14,"column":22}}},"fnMap":{"0":{"name":"(anonymous_0)","decl":{"start":{"line":3,"column":24},"end":{"line":3,"column":25}},"loc":{"start":{"line":3,"column":30},"end":{"line":15,"column":1}},"line":3},"1":{"name":"(anonymous_1)","decl":{"start":{"line":6,"column":12},"end":{"line":6,"column":13}},"loc":{"start":{"line":6,"column":18},"end":{"line":13,"column":3}},"line":6},"2":{"name":"(anonymous_2)","decl":{"start":{"line":7,"column":38},"end":{"line":7,"column":39}},"loc":{"start":{"line":7,"column":44},"end":{"line":9,"column":5}},"line":7},"3":{"name":"(anonymous_3)","decl":{"start":{"line":10,"column":39},"end":{"line":10,"column":40}},"loc":{"start":{"line":10,"column":45},"end":{"line":12,"column":5}},"line":10}},"branchMap":{},"s":{"0":2,"1":13,"2":13,"3":6,"4":0,"5":6,"6":0,"7":13},"f":{"0":13,"1":6,"2":0,"3":0},"b":{},"_coverageSchema":"1a1c01bbd47fc00a2c39e90264f33305004495a9","hash":"688f67d3972e2fa6f9b081bc83cd9c0b8efaad7a"}
,"C:\\Users\\TANISHA\\OneDrive\\Desktop\\Namste-React\\src\\utils\\useRestaurantList.js": {"path":"C:\\Users\\TANISHA\\OneDrive\\Desktop\\Namste-React\\src\\utils\\useRestaurantList.js","statementMap":{"0":{"start":{"line":3,"column":26},"end":{"line":27,"column":1}},"1":{"start":{"line":4,"column":30},"end":{"line":4,"column":42}},"2":{"start":{"line":5,"column":40},"end":{"line":5,"column":54}},"3":{"start":{"line":6,"column":15},"end":{"line":6,"column":17}},"4":{"start":{"line":8,"column":2},"end":{"line":10,"column":9}},"5":{"start":{"line":9,"column":4},"end":{"line":9,"column":17}},"6":{"start":{"line":13,"column":21},"end":{"line":15,"column":5}},"7":{"start":{"line":17,"column":15},"end":{"line":17,"column":36}},"8":{"start":{"line":19,"column":4},"end":{"line":21,"column":5}},"9":{"start":{"line":19,"column":17},"end":{"line":19,"column":18}},"10":{"start":{"line":20,"column":6},"end":{"line":20,"column":48}},"11":{"start":{"line":22,"column":4},"end":{"line":22,"column":23}},"12":{"start":{"line":23,"column":4},"end":{"line":23,"column":26}},"13":{"start":{"line":26,"column":2},"end":{"line":26,"column":62}}},"fnMap":{"0":{"name":"(anonymous_0)","decl":{"start":{"line":3,"column":26},"end":{"line":3,"column":27}},"loc":{"start":{"line":3,"column":32},"end":{"line":27,"column":1}},"line":3},"1":{"name":"(anonymous_1)","decl":{"start":{"line":8,"column":12},"end":{"line":8,"column":13}},"loc":{"start":{"line":8,"column":18},"end":{"line":10,"column":3}},"line":8},"2":{"name":"updateCard","decl":{"start":{"line":12,"column":17},"end":{"line":12,"column":27}},"loc":{"start":{"line":12,"column":30},"end":{"line":24,"column":3}},"line":12}},"branchMap":{},"s":{"0":1,"1":7,"2":7,"3":7,"4":7,"5":2,"6":2,"7":2,"8":2,"9":2,"10":14,"11":2,"12":2,"13":7},"f":{"0":7,"1":2,"2":2},"b":{},"_coverageSchema":"1a1c01bbd47fc00a2c39e90264f33305004495a9","hash":"b9522bcced5e6ac89acdf2abd34e709ce4f2a59a"}
,"C:\\Users\\TANISHA\\OneDrive\\Desktop\\Namste-React\\src\\utils\\userContext.js": {"path":"C:\\Users\\TANISHA\\OneDrive\\Desktop\\Namste-React\\src\\utils\\userContext.js","statementMap":{"0":{"start":{"line":3,"column":20},"end":{"line":5,"column":2}}},"fnMap":{},"branchMap":{},"s":{"0":3},"f":{},"b":{},"_coverageSchema":"1a1c01bbd47fc00a2c39e90264f33305004495a9","hash":"644d4b4a844bcdbe3cc1f41dde921d1270e4d055"}
}
