TN:
SF:src\components\Body.js
FN:10,(anonymous_0)
FN:35,(anonymous_1)
FN:41,(anonymous_2)
FN:43,(anonymous_3)
FN:55,(anonymous_4)
FN:56,(anonymous_5)
FN:68,(anonymous_6)
FN:74,(anonymous_7)
FNF:8
FNH:7
FNDA:7,(anonymous_0)
FNDA:1,(anonymous_1)
FNDA:1,(anonymous_2)
FNDA:7,(anonymous_3)
FNDA:1,(anonymous_4)
FNDA:7,(anonymous_5)
FNDA:0,(anonymous_6)
FNDA:27,(anonymous_7)
DA:10,1
DA:11,7
DA:13,7
DA:14,7
DA:16,7
DA:18,7
DA:20,7
DA:21,2
DA:23,5
DA:24,0
DA:27,5
DA:36,1
DA:42,1
DA:43,1
DA:44,7
DA:46,1
DA:56,7
DA:57,1
DA:69,0
DA:75,27
LF:20
LH:18
BRDA:20,0,0,2
BRDA:20,0,1,5
BRDA:23,1,0,0
BRDA:23,1,1,5
BRDA:80,2,0,19
BRDA:80,2,1,8
BRF:6
BRH:5
end_of_record
TN:
SF:src\components\Contact.js
FN:1,(anonymous_0)
FNF:1
FNH:1
FNDA:1,(anonymous_0)
DA:1,1
DA:2,1
LF:2
LH:2
BRF:0
BRH:0
end_of_record
TN:
SF:src\components\Header.js
FN:8,(anonymous_0)
FN:16,(anonymous_1)
FN:67,(anonymous_2)
FNF:3
FNH:3
FNDA:3,(anonymous_0)
FNDA:5,(anonymous_1)
FNDA:1,(anonymous_2)
DA:8,1
DA:9,3
DA:11,3
DA:13,3
DA:16,5
DA:18,3
DA:68,1
LF:7
LH:7
BRDA:26,0,0,3
BRDA:26,0,1,0
BRDA:68,1,0,1
BRDA:68,1,1,0
BRF:4
BRH:2
end_of_record
TN:
SF:src\components\RestaurantCard.js
FN:5,(anonymous_0)
FN:39,(anonymous_1)
FN:40,(anonymous_2)
FNF:3
FNH:3
FNDA:29,(anonymous_0)
FNDA:8,(anonymous_1)
FNDA:20,(anonymous_2)
DA:5,2
DA:6,29
DA:7,29
DA:8,29
DA:9,29
DA:10,29
DA:11,29
DA:12,29
DA:13,29
DA:14,29
DA:16,29
DA:39,2
DA:40,8
DA:41,20
LF:14
LH:14
BRF:0
BRH:0
end_of_record
TN:
SF:src\components\Shimmer.js
FN:1,(anonymous_0)
FNF:1
FNH:1
FNDA:2,(anonymous_0)
DA:1,1
DA:2,2
LF:2
LH:2
BRF:0
BRH:0
end_of_record
TN:
SF:src\components\sum.js
FN:1,(anonymous_0)
FNF:1
FNH:1
FNDA:1,(anonymous_0)
DA:1,1
DA:2,1
LF:2
LH:2
BRF:0
BRH:0
end_of_record
TN:
SF:src\utils\appStore.js
FNF:0
FNH:0
DA:2,1
DA:4,1
LF:2
LH:2
BRF:0
BRH:0
end_of_record
TN:
SF:src\utils\cartSlice.js
FN:9,(anonymous_0)
FN:12,(anonymous_1)
FN:15,(anonymous_2)
FNF:3
FNH:0
FNDA:0,(anonymous_0)
FNDA:0,(anonymous_1)
FNDA:0,(anonymous_2)
DA:3,1
DA:10,0
DA:13,0
DA:16,0
DA:21,1
LF:5
LH:2
BRF:0
BRH:0
end_of_record
TN:
SF:src\utils\constants.js
FNF:0
FNH:0
DA:2,3
DA:5,3
DA:8,3
LF:3
LH:3
BRF:0
BRH:0
end_of_record
TN:
SF:src\utils\mokeData.js
FNF:0
FNH:0
DA:1,1
LF:1
LH:1
BRF:0
BRH:0
end_of_record
TN:
SF:src\utils\useOnlineStatus.js
FN:3,(anonymous_0)
FN:6,(anonymous_1)
FN:7,(anonymous_2)
FN:10,(anonymous_3)
FNF:4
FNH:2
FNDA:13,(anonymous_0)
FNDA:6,(anonymous_1)
FNDA:0,(anonymous_2)
FNDA:0,(anonymous_3)
DA:3,2
DA:4,13
DA:6,13
DA:7,6
DA:8,0
DA:10,6
DA:11,0
DA:14,13
LF:8
LH:6
BRF:0
BRH:0
end_of_record
TN:
SF:src\utils\useRestaurantList.js
FN:3,(anonymous_0)
FN:8,(anonymous_1)
FN:12,updateCard
FNF:3
FNH:3
FNDA:7,(anonymous_0)
FNDA:2,(anonymous_1)
FNDA:2,updateCard
DA:3,1
DA:4,7
DA:5,7
DA:6,7
DA:8,7
DA:9,2
DA:13,2
DA:17,2
DA:19,2
DA:20,14
DA:22,2
DA:23,2
DA:26,7
LF:13
LH:13
BRF:0
BRH:0
end_of_record
TN:
SF:src\utils\userContext.js
FNF:0
FNH:0
DA:3,3
LF:1
LH:1
BRF:0
BRH:0
end_of_record
